Using pre-set license
Built from '2021.2/staging' branch; Version is '2021.2.4f1 (99ba6aa4c552) revision 10074730'; Using compiler version '192829333'; Build Type 'Release'
OS: 'Windows 10 Pro; OS build 19043.1706; Version 2009; 64bit' Language: 'ru' Physical Memory: 7963 MB
BatchMode: 1, IsHumanControllingUs: 0, StartBugReporterOnCrash: 0, Is64bit: 1, IsPro: 0

COMMAND LINE ARGUMENTS:
C:\Program Files\Unity\Hub\Editor\2021.2.4f1\Editor\Unity.exe
-adb2
-batchMode
-noUpm
-name
AssetImportWorker0
-projectPath
C:/Users/akolo/Unity projects/Maze
-logFile
Logs/AssetImportWorker0.log
-srvPort
51276
Successfully changed project path to: C:/Users/akolo/Unity projects/Maze
C:/Users/akolo/Unity projects/Maze
[UnityMemory] Configuration Parameters - Can be set up in boot.config
    "memorysetup-bucket-allocator-granularity=16"
    "memorysetup-bucket-allocator-bucket-count=8"
    "memorysetup-bucket-allocator-block-size=33554432"
    "memorysetup-bucket-allocator-block-count=8"
    "memorysetup-main-allocator-block-size=16777216"
    "memorysetup-thread-allocator-block-size=16777216"
    "memorysetup-gfx-main-allocator-block-size=16777216"
    "memorysetup-gfx-thread-allocator-block-size=16777216"
    "memorysetup-cache-allocator-block-size=4194304"
    "memorysetup-typetree-allocator-block-size=2097152"
    "memorysetup-profiler-bucket-allocator-granularity=16"
    "memorysetup-profiler-bucket-allocator-bucket-count=8"
    "memorysetup-profiler-bucket-allocator-block-size=33554432"
    "memorysetup-profiler-bucket-allocator-block-count=8"
    "memorysetup-profiler-allocator-block-size=16777216"
    "memorysetup-profiler-editor-allocator-block-size=1048576"
    "memorysetup-temp-allocator-size-main=16777216"
    "memorysetup-job-temp-allocator-block-size=2097152"
    "memorysetup-job-temp-allocator-block-size-background=1048576"
    "memorysetup-job-temp-allocator-reduction-small-platforms=262144"
    "memorysetup-temp-allocator-size-background-worker=32768"
    "memorysetup-temp-allocator-size-job-worker=262144"
    "memorysetup-temp-allocator-size-preload-manager=33554432"
    "memorysetup-temp-allocator-size-nav-mesh-worker=65536"
    "memorysetup-temp-allocator-size-audio-worker=65536"
    "memorysetup-temp-allocator-size-cloud-worker=32768"
    "memorysetup-temp-allocator-size-gi-baking-worker=262144"
    "memorysetup-temp-allocator-size-gfx=262144"
Refreshing native plugins compatible for Editor in 29.91 ms, found 2 plugins.
Preloading 0 native plugins for Editor in 0.00 ms.
Initialize engine version: 2021.2.4f1 (99ba6aa4c552)
[Subsystems] Discovering subsystems at path C:/Program Files/Unity/Hub/Editor/2021.2.4f1/Editor/Data/Resources/UnitySubsystems
[Subsystems] Discovering subsystems at path C:/Users/akolo/Unity projects/Maze/Assets
GfxDevice: creating device client; threaded=0; jobified=0
Direct3D:
    Version:  Direct3D 11.0 [level 11.1]
    Renderer: NVIDIA GeForce GTX 1650 (ID=0x1f99)
    Vendor:   NVIDIA
    VRAM:     3962 MB
    Driver:   30.0.15.1179
Initialize mono
Mono path[0] = 'C:/Program Files/Unity/Hub/Editor/2021.2.4f1/Editor/Data/Managed'
Mono path[1] = 'C:/Program Files/Unity/Hub/Editor/2021.2.4f1/Editor/Data/MonoBleedingEdge/lib/mono/unityjit-win32'
Mono config path = 'C:/Program Files/Unity/Hub/Editor/2021.2.4f1/Editor/Data/MonoBleedingEdge/etc'
Using monoOptions --debugger-agent=transport=dt_socket,embedding=1,server=y,suspend=n,address=127.0.0.1:56976
Begin MonoManager ReloadAssembly
Registering precompiled unity dll's ...
Register platform support module: C:/Program Files/Unity/Hub/Editor/2021.2.4f1/Editor/Data/PlaybackEngines/WindowsStandaloneSupport/UnityEditor.WindowsStandalone.Extensions.dll
Registered in 0.006746 seconds.
Native extension for WindowsStandalone target not found
Refreshing native plugins compatible for Editor in 26.66 ms, found 2 plugins.
Preloading 0 native plugins for Editor in 0.00 ms.
Mono: successfully reloaded assembly
- Completed reload, in  0.553 seconds
Domain Reload Profiling:
	ReloadAssembly (554ms)
		BeginReloadAssembly (74ms)
			ExecutionOrderSort (0ms)
			DisableScriptedObjects (0ms)
			BackupInstance (0ms)
			ReleaseScriptingObjects (0ms)
			CreateAndSetChildDomain (1ms)
		EndReloadAssembly (401ms)
			LoadAssemblies (72ms)
			RebuildTransferFunctionScriptingTraits (0ms)
			SetupTypeCache (100ms)
			ReleaseScriptCaches (0ms)
			RebuildScriptCaches (27ms)
			SetupLoadedEditorAssemblies (212ms)
				LogAssemblyErrors (0ms)
				InitializePlatformSupportModulesInManaged (13ms)
				SetLoadedEditorAssemblies (0ms)
				RefreshPlugins (27ms)
				BeforeProcessingInitializeOnLoad (1ms)
				ProcessInitializeOnLoadAttributes (127ms)
				ProcessInitializeOnLoadMethodAttributes (43ms)
				AfterProcessingInitializeOnLoad (0ms)
				EditorAssembliesLoaded (0ms)
			ExecutionOrderSort2 (0ms)
			AwakeInstancesAfterBackupRestoration (0ms)
Platform modules already initialized, skipping
Registering precompiled user dll's ...
Registered in 0.003871 seconds.
Begin MonoManager ReloadAssembly
Native extension for WindowsStandalone target not found
Refreshing native plugins compatible for Editor in 0.35 ms, found 2 plugins.
Preloading 0 native plugins for Editor in 0.00 ms.
Mono: successfully reloaded assembly
- Completed reload, in  0.936 seconds
Domain Reload Profiling:
	ReloadAssembly (937ms)
		BeginReloadAssembly (171ms)
			ExecutionOrderSort (0ms)
			DisableScriptedObjects (6ms)
			BackupInstance (0ms)
			ReleaseScriptingObjects (0ms)
			CreateAndSetChildDomain (20ms)
		EndReloadAssembly (662ms)
			LoadAssemblies (74ms)
			RebuildTransferFunctionScriptingTraits (0ms)
			SetupTypeCache (169ms)
			ReleaseScriptCaches (0ms)
			RebuildScriptCaches (43ms)
			SetupLoadedEditorAssemblies (284ms)
				LogAssemblyErrors (0ms)
				InitializePlatformSupportModulesInManaged (11ms)
				SetLoadedEditorAssemblies (0ms)
				RefreshPlugins (0ms)
				BeforeProcessingInitializeOnLoad (57ms)
				ProcessInitializeOnLoadAttributes (185ms)
				ProcessInitializeOnLoadMethodAttributes (23ms)
				AfterProcessingInitializeOnLoad (7ms)
				EditorAssembliesLoaded (0ms)
			ExecutionOrderSort2 (0ms)
			AwakeInstancesAfterBackupRestoration (5ms)
Platform modules already initialized, skipping
========================================================================
Worker process is ready to serve import requests
Launched and connected shader compiler UnityShaderCompiler.exe after 0.07 seconds
Refreshing native plugins compatible for Editor in 0.79 ms, found 2 plugins.
Preloading 0 native plugins for Editor in 0.00 ms.
Unloading 1713 Unused Serialized files (Serialized files now loaded: 0)
Unloading 31 unused Assets / (1.3 MB). Loaded Objects now: 2172.
Memory consumption went from 86.3 MB to 85.0 MB.
Total: 7.915000 ms (FindLiveObjects: 0.316300 ms CreateObjectMapping: 0.255100 ms MarkObjects: 6.828500 ms  DeleteObjects: 0.512800 ms)

AssetImportParameters requested are different than current active one (requested -> active):
  custom:video-decoder-ogg-theora: a1e56fd34408186e4bbccfd4996cb3dc -> 
  custom:container-muxer-webm: aa71ff27fc2769a1b78a27578f13a17b -> 
  custom:container-demuxer-webm: 4f35f7cbe854078d1ac9338744f61a02 -> 
  custom:video-encoder-webm-vp8: eb34c28f22e8b96e1ab97ce403110664 -> 
  custom:audio-encoder-webm-vorbis: bf7c407c2cedff20999df2af8eb42d56 -> 
  custom:framework-win-MediaFoundation: 216162199b28c13a410421893ffa2e32 -> 
  custom:container-demuxer-ogg: 62fdf1f143b41e24485cea50d1cbac27 -> 
  custom:video-decoder-webm-vp8: 9c59270c3fd7afecdb556c50c9e8de78 -> 
  custom:audio-decoder-ogg-vorbis: bf7c407c2cedff20999df2af8eb42d56 -> 
========================================================================
Received Import Request.
  Time since last request: 435191.059077 seconds.
  path: Assets/Resources/Meshes/vsyo_dlya_tebyayayayayaya.fbx
  artifactKey: Guid(35ee6dc515845cb48b8951cd493257e9) Importer(815301076,1909f56bfc062723c751e8b465ee728b)
Start importing Assets/Resources/Meshes/vsyo_dlya_tebyayayayayaya.fbx using Guid(35ee6dc515845cb48b8951cd493257e9) Importer(815301076,1909f56bfc062723c751e8b465ee728b)  -> (artifact id: '49975434bbf6abb70161e6936f1a747c') in 0.510626 seconds 
========================================================================
Received Import Request.
  Time since last request: 0.000025 seconds.
  path: Assets/Resources/Meshes/Balls.fbx
  artifactKey: Guid(78bd1a8cbce3bf64c987dc361254883c) Importer(815301076,1909f56bfc062723c751e8b465ee728b)
Start importing Assets/Resources/Meshes/Balls.fbx using Guid(78bd1a8cbce3bf64c987dc361254883c) Importer(815301076,1909f56bfc062723c751e8b465ee728b)  -> (artifact id: 'a75cbbc9b72bc421b7229c28898fb772') in 0.371758 seconds 
========================================================================
Received Import Request.
  Time since last request: 4.673666 seconds.
  path: Assets/Resources/Meshes/tinker.obj
  artifactKey: Guid(185b2fa783230fd4cb41fa1cae5b4f45) Importer(815301076,1909f56bfc062723c751e8b465ee728b)
Start importing Assets/Resources/Meshes/tinker.obj using Guid(185b2fa783230fd4cb41fa1cae5b4f45) Importer(815301076,1909f56bfc062723c751e8b465ee728b)  -> (artifact id: '841f0ac8079e463124ba1b8abcf5dfb8') in 0.192748 seconds 
========================================================================
Received Import Request.
  Time since last request: 10.638665 seconds.
  path: Assets/Resources/Meshes/obj.mtl
  artifactKey: Guid(bea3fd5293e024d44afb3ae1d02d01eb) Importer(815301076,1909f56bfc062723c751e8b465ee728b)
Start importing Assets/Resources/Meshes/obj.mtl using Guid(bea3fd5293e024d44afb3ae1d02d01eb) Importer(815301076,1909f56bfc062723c751e8b465ee728b)  -> (artifact id: '9788ded0b156e022a07c4fa218592eac') in 0.007249 seconds 
========================================================================
Received Import Request.
  Time since last request: 74.132704 seconds.
  path: Assets/Prefabs/Cell 3D.prefab
  artifactKey: Guid(25a7a45f61e9aa84798402d792c590ac) Importer(815301076,1909f56bfc062723c751e8b465ee728b)
Start importing Assets/Prefabs/Cell 3D.prefab using Guid(25a7a45f61e9aa84798402d792c590ac) Importer(815301076,1909f56bfc062723c751e8b465ee728b)  -> (artifact id: 'c0d9cff6178d73147dec006a4ef1219e') in 0.022856 seconds 
========================================================================
Received Import Request.
  Time since last request: 3.674883 seconds.
  path: Assets/Materials/Player/Ball1.mat
  artifactKey: Guid(8d4c26a44cd03eb468e717da2635dcb3) Importer(815301076,1909f56bfc062723c751e8b465ee728b)
Start importing Assets/Materials/Player/Ball1.mat using Guid(8d4c26a44cd03eb468e717da2635dcb3) Importer(815301076,1909f56bfc062723c751e8b465ee728b)  -> (artifact id: '2dd89d55e9713c4ba7441fe9a18e2d19') in 0.043581 seconds 
========================================================================
Received Import Request.
  Time since last request: 0.000016 seconds.
  path: Assets/Materials/Player/Ball6.mat
  artifactKey: Guid(64362f38a6b3e0545a557fdb84dbe56a) Importer(815301076,1909f56bfc062723c751e8b465ee728b)
Start importing Assets/Materials/Player/Ball6.mat using Guid(64362f38a6b3e0545a557fdb84dbe56a) Importer(815301076,1909f56bfc062723c751e8b465ee728b)  -> (artifact id: '2c117a60eac24417b7e56cf5c2b8bb8d') in 0.023023 seconds 
========================================================================
Received Import Request.
  Time since last request: 0.000025 seconds.
  path: Assets/Materials/Player/Multicolor.mat
  artifactKey: Guid(f3420739dc447344bb6e3dbb4eb5af23) Importer(815301076,1909f56bfc062723c751e8b465ee728b)
Start importing Assets/Materials/Player/Multicolor.mat using Guid(f3420739dc447344bb6e3dbb4eb5af23) Importer(815301076,1909f56bfc062723c751e8b465ee728b)  -> (artifact id: 'c6993e8fb9df0bbccf0db6ffb38602e1') in 0.018051 seconds 
========================================================================
Received Import Request.
  Time since last request: 0.000021 seconds.
  path: Assets/Materials/Player/Ball5.mat
  artifactKey: Guid(98c6ae7ee6bc316468c11a0564d403dd) Importer(815301076,1909f56bfc062723c751e8b465ee728b)
Start importing Assets/Materials/Player/Ball5.mat using Guid(98c6ae7ee6bc316468c11a0564d403dd) Importer(815301076,1909f56bfc062723c751e8b465ee728b)  -> (artifact id: '2dd6cb908d18c7a7a0b53361c28ee1b9') in 0.014153 seconds 
========================================================================
Received Import Request.
  Time since last request: 0.000019 seconds.
  path: Assets/Materials/Player/Ball7.mat
  artifactKey: Guid(328db6ab16860eb4881b1009272e6740) Importer(815301076,1909f56bfc062723c751e8b465ee728b)
Start importing Assets/Materials/Player/Ball7.mat using Guid(328db6ab16860eb4881b1009272e6740) Importer(815301076,1909f56bfc062723c751e8b465ee728b)  -> (artifact id: '46a419d6b28bb5562bba130fd1a332ee') in 0.013517 seconds 
========================================================================
Received Import Request.
  Time since last request: 0.000031 seconds.
  path: Assets/Materials/Player/Rainbow 2.mat
  artifactKey: Guid(f899a3a6f6b1b1848acd1aee9ae84696) Importer(815301076,1909f56bfc062723c751e8b465ee728b)
Start importing Assets/Materials/Player/Rainbow 2.mat using Guid(f899a3a6f6b1b1848acd1aee9ae84696) Importer(815301076,1909f56bfc062723c751e8b465ee728b)  -> (artifact id: '8854c527db0e0c9a7672e93b8cd40489') in 0.044310 seconds 
========================================================================
Received Import Request.
  Time since last request: 0.863817 seconds.
  path: Assets/Materials/Constructions/Borders.mat
  artifactKey: Guid(99d94de2ac9b6c04e81adae05b1d1efd) Importer(815301076,1909f56bfc062723c751e8b465ee728b)
Start importing Assets/Materials/Constructions/Borders.mat using Guid(99d94de2ac9b6c04e81adae05b1d1efd) Importer(815301076,1909f56bfc062723c751e8b465ee728b)  -> (artifact id: 'c1e5f07fefe7771f0d63d755392bb922') in 0.011012 seconds 
========================================================================
Received Import Request.
  Time since last request: 0.000016 seconds.
  path: Assets/Materials/Constructions/Plane.mat
  artifactKey: Guid(9ae6aba7d1610b046b3f0e8ca67d6609) Importer(815301076,1909f56bfc062723c751e8b465ee728b)
Start importing Assets/Materials/Constructions/Plane.mat using Guid(9ae6aba7d1610b046b3f0e8ca67d6609) Importer(815301076,1909f56bfc062723c751e8b465ee728b)  -> (artifact id: 'b8c1cd864153cf3abfba93e245e1615f') in 0.017450 seconds 
========================================================================
Received Import Request.
  Time since last request: 0.000018 seconds.
  path: Assets/Materials/Constructions/main_cardboard-texture.mat
  artifactKey: Guid(1666aee66c96c45459e0b68ea030b580) Importer(815301076,1909f56bfc062723c751e8b465ee728b)
Start importing Assets/Materials/Constructions/main_cardboard-texture.mat using Guid(1666aee66c96c45459e0b68ea030b580) Importer(815301076,1909f56bfc062723c751e8b465ee728b)  -> (artifact id: '31cc51bd740334911a9944034d7dbdc5') in 0.014926 seconds 
========================================================================
Received Import Request.
  Time since last request: 0.000021 seconds.
  path: Assets/Materials/Constructions/Exit.mat
  artifactKey: Guid(edc0e4e4f49059041aee3f43d01927a6) Importer(815301076,1909f56bfc062723c751e8b465ee728b)
Start importing Assets/Materials/Constructions/Exit.mat using Guid(edc0e4e4f49059041aee3f43d01927a6) Importer(815301076,1909f56bfc062723c751e8b465ee728b)  -> (artifact id: '54421d056bc4aba28e6a77c4335a1401') in 0.014460 seconds 
========================================================================
Received Import Request.
  Time since last request: 0.000025 seconds.
  path: Assets/Materials/Constructions/Walls.mat
  artifactKey: Guid(91b4adc3f32b7e948b99665f26bee58c) Importer(815301076,1909f56bfc062723c751e8b465ee728b)
Start importing Assets/Materials/Constructions/Walls.mat using Guid(91b4adc3f32b7e948b99665f26bee58c) Importer(815301076,1909f56bfc062723c751e8b465ee728b)  -> (artifact id: 'fecc5fa8cd880c685a9df26a01ae03d3') in 0.017869 seconds 
========================================================================
Received Import Request.
  Time since last request: 0.000028 seconds.
  path: Assets/Materials/Constructions/Sun.mat
  artifactKey: Guid(2d592c712417a3e449852b2b70fcfb10) Importer(815301076,1909f56bfc062723c751e8b465ee728b)
Start importing Assets/Materials/Constructions/Sun.mat using Guid(2d592c712417a3e449852b2b70fcfb10) Importer(815301076,1909f56bfc062723c751e8b465ee728b)  -> (artifact id: '5dd0ee49bc0427eb6359f6e40e9245b9') in 0.013367 seconds 
========================================================================
Received Import Request.
  Time since last request: 0.000019 seconds.
  path: Assets/Materials/Constructions/Player.mat
  artifactKey: Guid(597b2a1e0342d9142bd5b2cc1ca4b8c1) Importer(815301076,1909f56bfc062723c751e8b465ee728b)
Start importing Assets/Materials/Constructions/Player.mat using Guid(597b2a1e0342d9142bd5b2cc1ca4b8c1) Importer(815301076,1909f56bfc062723c751e8b465ee728b)  -> (artifact id: 'a1839177d029ae8eb7acdb8493e695c9') in 0.017764 seconds 
========================================================================
Received Import Request.
  Time since last request: 6.241654 seconds.
  path: Assets/Resources/Skins/BeachBall.prefab
  artifactKey: Guid(0091c91bd936fc542a1d99af49f1588a) Importer(815301076,1909f56bfc062723c751e8b465ee728b)
Start importing Assets/Resources/Skins/BeachBall.prefab using Guid(0091c91bd936fc542a1d99af49f1588a) Importer(815301076,1909f56bfc062723c751e8b465ee728b)  -> (artifact id: 'b18cb25f7c4e5079ad78aaa748cac82b') in 0.075954 seconds 
========================================================================
Received Import Request.
  Time since last request: 0.000025 seconds.
  path: Assets/Resources/Skins/Skin4.prefab
  artifactKey: Guid(8b2a63461cb980c4a9d7c70c5113f775) Importer(815301076,1909f56bfc062723c751e8b465ee728b)
Start importing Assets/Resources/Skins/Skin4.prefab using Guid(8b2a63461cb980c4a9d7c70c5113f775) Importer(815301076,1909f56bfc062723c751e8b465ee728b)  -> (artifact id: '8aade21297e8a18a5304b744ec419e53') in 0.064582 seconds 
========================================================================
Received Import Request.
  Time since last request: 0.000046 seconds.
  path: Assets/Resources/Skins/Skin1.prefab
  artifactKey: Guid(e7b9dab4bdd045842ae2ae7f1ca16b63) Importer(815301076,1909f56bfc062723c751e8b465ee728b)
Start importing Assets/Resources/Skins/Skin1.prefab using Guid(e7b9dab4bdd045842ae2ae7f1ca16b63) Importer(815301076,1909f56bfc062723c751e8b465ee728b)  -> (artifact id: 'b26a5d2fd69d5d3bbff32655af25002a') in 0.027711 seconds 
========================================================================
Received Import Request.
  Time since last request: 0.000015 seconds.
  path: Assets/Resources/Skins/Skin8.prefab
  artifactKey: Guid(61b3770d89e758e49bab508e462af799) Importer(815301076,1909f56bfc062723c751e8b465ee728b)
Start importing Assets/Resources/Skins/Skin8.prefab using Guid(61b3770d89e758e49bab508e462af799) Importer(815301076,1909f56bfc062723c751e8b465ee728b)  -> (artifact id: '83a11d457cfd95ed8b0a95f7329a1068') in 0.025397 seconds 
========================================================================
Received Import Request.
  Time since last request: 0.000018 seconds.
  path: Assets/Resources/Skins/Tennis_Ball.prefab
  artifactKey: Guid(d1f4604cb4f9fcb4b98212f4e48fbd8f) Importer(815301076,1909f56bfc062723c751e8b465ee728b)
Start importing Assets/Resources/Skins/Tennis_Ball.prefab using Guid(d1f4604cb4f9fcb4b98212f4e48fbd8f) Importer(815301076,1909f56bfc062723c751e8b465ee728b)  -> (artifact id: 'ba0a6f6e91ce74097a9fd00128959e35') in 0.083297 seconds 
========================================================================
Received Import Request.
  Time since last request: 0.000016 seconds.
  path: Assets/Resources/Skins/Skin7.prefab
  artifactKey: Guid(056202e54fbc0684bb654f2bf984fa02) Importer(815301076,1909f56bfc062723c751e8b465ee728b)
Start importing Assets/Resources/Skins/Skin7.prefab using Guid(056202e54fbc0684bb654f2bf984fa02) Importer(815301076,1909f56bfc062723c751e8b465ee728b)  -> (artifact id: '54ed71f63fbd1586ffa5f259f9847276') in 0.019577 seconds 
========================================================================
Received Import Request.
  Time since last request: 0.000028 seconds.
  path: Assets/Resources/Skins/Skin6.prefab
  artifactKey: Guid(e03a10c39a0e15140b5d217b53fc4cde) Importer(815301076,1909f56bfc062723c751e8b465ee728b)
Start importing Assets/Resources/Skins/Skin6.prefab using Guid(e03a10c39a0e15140b5d217b53fc4cde) Importer(815301076,1909f56bfc062723c751e8b465ee728b)  -> (artifact id: '9265fdb6f86241d31c4a97324737da9e') in 0.014158 seconds 
========================================================================
Received Import Request.
  Time since last request: 0.000021 seconds.
  path: Assets/Resources/Skins/Robot.prefab
  artifactKey: Guid(0b308fce2d0b7164eb4e161f185dbbec) Importer(815301076,1909f56bfc062723c751e8b465ee728b)
Start importing Assets/Resources/Skins/Robot.prefab using Guid(0b308fce2d0b7164eb4e161f185dbbec) Importer(815301076,1909f56bfc062723c751e8b465ee728b)  -> (artifact id: '27aea99a75d3144b5cb195845950dad4') in 0.030807 seconds 
========================================================================
Received Import Request.
  Time since last request: 34.201052 seconds.
  path: Assets/Resources/Skins/Igor 1.prefab
  artifactKey: Guid(bddf484dda9e6a74593678c971708b1e) Importer(815301076,1909f56bfc062723c751e8b465ee728b)
Start importing Assets/Resources/Skins/Igor 1.prefab using Guid(bddf484dda9e6a74593678c971708b1e) Importer(815301076,1909f56bfc062723c751e8b465ee728b)  -> (artifact id: 'b4b4bef9d8dfb41cccc2d2ca638ef7ad') in 0.014328 seconds 
========================================================================
Received Import Request.
  Time since last request: 274.466642 seconds.
  path: Assets/Others/Prefabs/Bomb.prefab
  artifactKey: Guid(1db47c5ef25154fb1806822c25335042) Importer(815301076,1909f56bfc062723c751e8b465ee728b)
Start importing Assets/Others/Prefabs/Bomb.prefab using Guid(1db47c5ef25154fb1806822c25335042) Importer(815301076,1909f56bfc062723c751e8b465ee728b)  -> (artifact id: '631c200040e3089ef76522ef7330126a') in 0.252838 seconds 
========================================================================
Received Import Request.
  Time since last request: 0.000033 seconds.
  path: Assets/Others/SimpleSky/_Prefabs/Cloud_01.prefab
  artifactKey: Guid(09062dc0008857b46aaacdb7206f1453) Importer(815301076,1909f56bfc062723c751e8b465ee728b)
Start importing Assets/Others/SimpleSky/_Prefabs/Cloud_01.prefab using Guid(09062dc0008857b46aaacdb7206f1453) Importer(815301076,1909f56bfc062723c751e8b465ee728b)  -> (artifact id: '482c9ab30da052b46652c72bffcbd1e1') in 0.025875 seconds 
========================================================================
Received Import Request.
  Time since last request: 0.000025 seconds.
  path: Assets/Others/Course Library/_Source_Files/FBX/SM_Icon_Balloon_01.fbx
  artifactKey: Guid(2b1600b8b48e3ac4c87e5d81a4153ab7) Importer(815301076,1909f56bfc062723c751e8b465ee728b)
Start importing Assets/Others/Course Library/_Source_Files/FBX/SM_Icon_Balloon_01.fbx using Guid(2b1600b8b48e3ac4c87e5d81a4153ab7) Importer(815301076,1909f56bfc062723c751e8b465ee728b)  -> (artifact id: 'e1c41661c739d1c0d4606d135176fad1') in 0.042324 seconds 
========================================================================
Received Import Request.
  Time since last request: 0.000019 seconds.
  path: Assets/Others/SimpleSky/_Models/Cloud_02.fbx
  artifactKey: Guid(c943ee3841fcbd94d9630c5e4529b603) Importer(815301076,1909f56bfc062723c751e8b465ee728b)
Start importing Assets/Others/SimpleSky/_Models/Cloud_02.fbx using Guid(c943ee3841fcbd94d9630c5e4529b603) Importer(815301076,1909f56bfc062723c751e8b465ee728b)  -> (artifact id: '4854dfc53b0503ea788df4ff61f6a514') in 0.022746 seconds 
========================================================================
Received Import Request.
  Time since last request: 0.000030 seconds.
  path: Assets/Resources/Trails/Trail 10.prefab
  artifactKey: Guid(c0229468b8a2cc049a9470f32959c9b3) Importer(815301076,1909f56bfc062723c751e8b465ee728b)
Start importing Assets/Resources/Trails/Trail 10.prefab using Guid(c0229468b8a2cc049a9470f32959c9b3) Importer(815301076,1909f56bfc062723c751e8b465ee728b)  -> (artifact id: '194cb5bc6068aa7e3885a3dc502c5a49') in 0.018687 seconds 
========================================================================
Received Import Request.
  Time since last request: 0.000031 seconds.
  path: Assets/Others/SimpleSky/_Models/Cloud_05.fbx
  artifactKey: Guid(5d92abef242cfcc4781ac2ae661d8fe8) Importer(815301076,1909f56bfc062723c751e8b465ee728b)
Start importing Assets/Others/SimpleSky/_Models/Cloud_05.fbx using Guid(5d92abef242cfcc4781ac2ae661d8fe8) Importer(815301076,1909f56bfc062723c751e8b465ee728b)  -> (artifact id: '471708c405958b1c81d78431b2b53f6f') in 0.025827 seconds 
========================================================================
Received Import Request.
  Time since last request: 0.000029 seconds.
  path: Assets/Others/SimpleSky/_Prefabs/Cloud_04.prefab
  artifactKey: Guid(420bde364644a314396dc8ed24ee99d6) Importer(815301076,1909f56bfc062723c751e8b465ee728b)
Start importing Assets/Others/SimpleSky/_Prefabs/Cloud_04.prefab using Guid(420bde364644a314396dc8ed24ee99d6) Importer(815301076,1909f56bfc062723c751e8b465ee728b)  -> (artifact id: '14c4a815ce04aca17c7625e02660f0a5') in 0.018141 seconds 
========================================================================
Received Import Request.
  Time since last request: 0.000031 seconds.
  path: Assets/Others/SimpleSky/_Models/Cloud_04.fbx
  artifactKey: Guid(5df7daeab707230409664c66ca47c5ad) Importer(815301076,1909f56bfc062723c751e8b465ee728b)
Start importing Assets/Others/SimpleSky/_Models/Cloud_04.fbx using Guid(5df7daeab707230409664c66ca47c5ad) Importer(815301076,1909f56bfc062723c751e8b465ee728b)  -> (artifact id: 'faefc4d68e8418b7f98342403a5a4a65') in 0.018172 seconds 
========================================================================
Received Import Request.
  Time since last request: 0.000018 seconds.
  path: Assets/Others/SimpleSky/_Prefabs/Cloud_03.prefab
  artifactKey: Guid(2df72ec125264584faa40cb1beef0481) Importer(815301076,1909f56bfc062723c751e8b465ee728b)
Start importing Assets/Others/SimpleSky/_Prefabs/Cloud_03.prefab using Guid(2df72ec125264584faa40cb1beef0481) Importer(815301076,1909f56bfc062723c751e8b465ee728b)  -> (artifact id: 'b3f8a8926c06b37de38006bbf392964b') in 0.011730 seconds 
========================================================================
Received Prepare
Registering precompiled user dll's ...
Registered in 0.003275 seconds.
Begin MonoManager ReloadAssembly
Native extension for WindowsStandalone target not found
Refreshing native plugins compatible for Editor in 0.34 ms, found 2 plugins.
Preloading 0 native plugins for Editor in 0.00 ms.
Mono: successfully reloaded assembly
- Completed reload, in  1.029 seconds
Domain Reload Profiling:
	ReloadAssembly (1030ms)
		BeginReloadAssembly (139ms)
			ExecutionOrderSort (0ms)
			DisableScriptedObjects (6ms)
			BackupInstance (0ms)
			ReleaseScriptingObjects (0ms)
			CreateAndSetChildDomain (35ms)
		EndReloadAssembly (786ms)
			LoadAssemblies (68ms)
			RebuildTransferFunctionScriptingTraits (0ms)
			SetupTypeCache (199ms)
			ReleaseScriptCaches (2ms)
			RebuildScriptCaches (47ms)
			SetupLoadedEditorAssemblies (342ms)
				LogAssemblyErrors (0ms)
				InitializePlatformSupportModulesInManaged (13ms)
				SetLoadedEditorAssemblies (0ms)
				RefreshPlugins (0ms)
				BeforeProcessingInitializeOnLoad (58ms)
				ProcessInitializeOnLoadAttributes (229ms)
				ProcessInitializeOnLoadMethodAttributes (32ms)
				AfterProcessingInitializeOnLoad (9ms)
				EditorAssembliesLoaded (0ms)
			ExecutionOrderSort2 (0ms)
			AwakeInstancesAfterBackupRestoration (7ms)
Platform modules already initialized, skipping
Switching build target platform(19) subTarget(0) extendedPlatform(0) -> platform(13) subTarget(0) extendedPlatform(0)
Refreshing native plugins compatible for Editor in 0.40 ms, found 2 plugins.
Preloading 0 native plugins for Editor in 0.00 ms.
Unloading 1672 Unused Serialized files (Serialized files now loaded: 0)
Unloading 27 unused Assets / (1.3 MB). Loaded Objects now: 2219.
Memory consumption went from 87.0 MB to 85.7 MB.
Total: 3.004000 ms (FindLiveObjects: 0.217700 ms CreateObjectMapping: 0.170900 ms MarkObjects: 2.309200 ms  DeleteObjects: 0.305200 ms)

AssetImportParameters requested are different than current active one (requested -> active):
  custom:video-decoder-ogg-theora: a1e56fd34408186e4bbccfd4996cb3dc -> 
  custom:container-muxer-webm: aa71ff27fc2769a1b78a27578f13a17b -> 
  custom:container-demuxer-webm: 4f35f7cbe854078d1ac9338744f61a02 -> 
  custom:video-encoder-webm-vp8: eb34c28f22e8b96e1ab97ce403110664 -> 
  custom:graphics/normal-map-encoding: 02000000000000000000000000000000 -> 01000000000000000000000000000000
  custom:audio-encoder-webm-vorbis: bf7c407c2cedff20999df2af8eb42d56 -> 
  custom:framework-win-MediaFoundation: 216162199b28c13a410421893ffa2e32 -> 
  custom:container-demuxer-ogg: 62fdf1f143b41e24485cea50d1cbac27 -> 
  custom:video-decoder-webm-vp8: 9c59270c3fd7afecdb556c50c9e8de78 -> 
  custom:audio-decoder-ogg-vorbis: bf7c407c2cedff20999df2af8eb42d56 -> 
========================================================================
Received Prepare
Registering precompiled user dll's ...
Registered in 0.003330 seconds.
Begin MonoManager ReloadAssembly
Native extension for WindowsStandalone target not found
Refreshing native plugins compatible for Editor in 0.56 ms, found 2 plugins.
Preloading 0 native plugins for Editor in 0.00 ms.
Mono: successfully reloaded assembly
- Completed reload, in  1.049 seconds
Domain Reload Profiling:
	ReloadAssembly (1050ms)
		BeginReloadAssembly (114ms)
			ExecutionOrderSort (0ms)
			DisableScriptedObjects (7ms)
			BackupInstance (0ms)
			ReleaseScriptingObjects (0ms)
			CreateAndSetChildDomain (27ms)
		EndReloadAssembly (832ms)
			LoadAssemblies (76ms)
			RebuildTransferFunctionScriptingTraits (0ms)
			SetupTypeCache (195ms)
			ReleaseScriptCaches (1ms)
			RebuildScriptCaches (57ms)
			SetupLoadedEditorAssemblies (345ms)
				LogAssemblyErrors (0ms)
				InitializePlatformSupportModulesInManaged (16ms)
				SetLoadedEditorAssemblies (0ms)
				RefreshPlugins (1ms)
				BeforeProcessingInitializeOnLoad (60ms)
				ProcessInitializeOnLoadAttributes (230ms)
				ProcessInitializeOnLoadMethodAttributes (30ms)
				AfterProcessingInitializeOnLoad (9ms)
				EditorAssembliesLoaded (0ms)
			ExecutionOrderSort2 (0ms)
			AwakeInstancesAfterBackupRestoration (6ms)
Platform modules already initialized, skipping
Switching build target platform(19) subTarget(0) extendedPlatform(0) -> platform(13) subTarget(0) extendedPlatform(0)
Refreshing native plugins compatible for Editor in 0.66 ms, found 2 plugins.
Preloading 0 native plugins for Editor in 0.00 ms.
Unloading 1672 Unused Serialized files (Serialized files now loaded: 0)
Unloading 26 unused Assets / (1.3 MB). Loaded Objects now: 2221.
Memory consumption went from 87.0 MB to 85.7 MB.
Total: 3.349100 ms (FindLiveObjects: 0.172900 ms CreateObjectMapping: 0.115900 ms MarkObjects: 2.738300 ms  DeleteObjects: 0.320700 ms)

AssetImportParameters requested are different than current active one (requested -> active):
  custom:video-decoder-ogg-theora: a1e56fd34408186e4bbccfd4996cb3dc -> 
  custom:container-muxer-webm: aa71ff27fc2769a1b78a27578f13a17b -> 
  custom:container-demuxer-webm: 4f35f7cbe854078d1ac9338744f61a02 -> 
  custom:video-encoder-webm-vp8: eb34c28f22e8b96e1ab97ce403110664 -> 
  custom:graphics/normal-map-encoding: 02000000000000000000000000000000 -> 01000000000000000000000000000000
  custom:audio-encoder-webm-vorbis: bf7c407c2cedff20999df2af8eb42d56 -> 
  custom:framework-win-MediaFoundation: 216162199b28c13a410421893ffa2e32 -> 
  custom:container-demuxer-ogg: 62fdf1f143b41e24485cea50d1cbac27 -> 
  custom:video-decoder-webm-vp8: 9c59270c3fd7afecdb556c50c9e8de78 -> 
  custom:audio-decoder-ogg-vorbis: bf7c407c2cedff20999df2af8eb42d56 -> 
========================================================================
Received Prepare
Registering precompiled user dll's ...
Registered in 0.002933 seconds.
Begin MonoManager ReloadAssembly
Native extension for WindowsStandalone target not found
Refreshing native plugins compatible for Editor in 0.48 ms, found 2 plugins.
Preloading 0 native plugins for Editor in 0.00 ms.
Mono: successfully reloaded assembly
- Completed reload, in  1.075 seconds
Domain Reload Profiling:
	ReloadAssembly (1075ms)
		BeginReloadAssembly (124ms)
			ExecutionOrderSort (0ms)
			DisableScriptedObjects (6ms)
			BackupInstance (0ms)
			ReleaseScriptingObjects (0ms)
			CreateAndSetChildDomain (30ms)
		EndReloadAssembly (847ms)
			LoadAssemblies (70ms)
			RebuildTransferFunctionScriptingTraits (0ms)
			SetupTypeCache (209ms)
			ReleaseScriptCaches (2ms)
			RebuildScriptCaches (62ms)
			SetupLoadedEditorAssemblies (344ms)
				LogAssemblyErrors (0ms)
				InitializePlatformSupportModulesInManaged (14ms)
				SetLoadedEditorAssemblies (1ms)
				RefreshPlugins (1ms)
				BeforeProcessingInitializeOnLoad (63ms)
				ProcessInitializeOnLoadAttributes (228ms)
				ProcessInitializeOnLoadMethodAttributes (29ms)
				AfterProcessingInitializeOnLoad (8ms)
				EditorAssembliesLoaded (0ms)
			ExecutionOrderSort2 (0ms)
			AwakeInstancesAfterBackupRestoration (7ms)
Platform modules already initialized, skipping
Switching build target platform(19) subTarget(0) extendedPlatform(0) -> platform(13) subTarget(0) extendedPlatform(0)
Refreshing native plugins compatible for Editor in 0.54 ms, found 2 plugins.
Preloading 0 native plugins for Editor in 0.00 ms.
Unloading 1672 Unused Serialized files (Serialized files now loaded: 0)
Unloading 26 unused Assets / (1.3 MB). Loaded Objects now: 2223.
Memory consumption went from 87.0 MB to 85.7 MB.
Total: 4.781600 ms (FindLiveObjects: 0.411100 ms CreateObjectMapping: 0.262300 ms MarkObjects: 3.758500 ms  DeleteObjects: 0.347500 ms)

AssetImportParameters requested are different than current active one (requested -> active):
  custom:video-decoder-ogg-theora: a1e56fd34408186e4bbccfd4996cb3dc -> 
  custom:container-muxer-webm: aa71ff27fc2769a1b78a27578f13a17b -> 
  custom:container-demuxer-webm: 4f35f7cbe854078d1ac9338744f61a02 -> 
  custom:video-encoder-webm-vp8: eb34c28f22e8b96e1ab97ce403110664 -> 
  custom:graphics/normal-map-encoding: 02000000000000000000000000000000 -> 01000000000000000000000000000000
  custom:audio-encoder-webm-vorbis: bf7c407c2cedff20999df2af8eb42d56 -> 
  custom:framework-win-MediaFoundation: 216162199b28c13a410421893ffa2e32 -> 
  custom:container-demuxer-ogg: 62fdf1f143b41e24485cea50d1cbac27 -> 
  custom:video-decoder-webm-vp8: 9c59270c3fd7afecdb556c50c9e8de78 -> 
  custom:audio-decoder-ogg-vorbis: bf7c407c2cedff20999df2af8eb42d56 -> 
========================================================================
Received Import Request.
  Time since last request: 5549.079517 seconds.
  path: Assets/Resources/Meshes/tinker 1.obj
  artifactKey: Guid(67f99c8e534b08840baf2f452885edd1) Importer(815301076,1909f56bfc062723c751e8b465ee728b)
Start importing Assets/Resources/Meshes/tinker 1.obj using Guid(67f99c8e534b08840baf2f452885edd1) Importer(815301076,1909f56bfc062723c751e8b465ee728b)  -> (artifact id: '204182b65b302fdc17a4b34b17749b44') in 0.402732 seconds 
========================================================================
Received Import Request.
  Time since last request: 10.542472 seconds.
  path: Assets/Resources/Meshes/obj 1.mtl
  artifactKey: Guid(a59d654687e0cbb49922d88b52663c47) Importer(815301076,1909f56bfc062723c751e8b465ee728b)
Start importing Assets/Resources/Meshes/obj 1.mtl using Guid(a59d654687e0cbb49922d88b52663c47) Importer(815301076,1909f56bfc062723c751e8b465ee728b)  -> (artifact id: 'db6ac1e8ba28f90dafda57bf4fbb8bc9') in 0.009308 seconds 
========================================================================
Received Import Request.
  Time since last request: 1.841724 seconds.
  path: Assets/Resources/Meshes
  artifactKey: Guid(c75bd94b89a608348ae8d42e695e0561) Importer(815301076,1909f56bfc062723c751e8b465ee728b)
Start importing Assets/Resources/Meshes using Guid(c75bd94b89a608348ae8d42e695e0561) Importer(815301076,1909f56bfc062723c751e8b465ee728b)  -> (artifact id: '29205f7481265738aad91c352e63f908') in 0.006795 seconds 
========================================================================
Received Import Request.
  Time since last request: 12.632501 seconds.
  path: Assets/Resources/Meshes/Monster
  artifactKey: Guid(826f38448e10d8b409da5711a931574d) Importer(815301076,1909f56bfc062723c751e8b465ee728b)
Start importing Assets/Resources/Meshes/Monster using Guid(826f38448e10d8b409da5711a931574d) Importer(815301076,1909f56bfc062723c751e8b465ee728b)  -> (artifact id: 'cf3e29488de5fdd4630ecbf34601c43b') in 0.005845 seconds 
========================================================================
Received Import Request.
  Time since last request: 11.639346 seconds.
  path: Assets/Resources/Meshes/Chiki-brik
  artifactKey: Guid(826f38448e10d8b409da5711a931574d) Importer(815301076,1909f56bfc062723c751e8b465ee728b)
Start importing Assets/Resources/Meshes/Chiki-brik using Guid(826f38448e10d8b409da5711a931574d) Importer(815301076,1909f56bfc062723c751e8b465ee728b)  -> (artifact id: '9c7a733a6a07f23abeacb5f3dcfefd97') in 0.004910 seconds 
========================================================================
Received Import Request.
  Time since last request: 14.105249 seconds.
  path: Assets/Resources/Meshes/Chiki-brik/tinker.obj
  artifactKey: Guid(a519e47e2bac0f74ca310fa00e4e116d) Importer(815301076,1909f56bfc062723c751e8b465ee728b)
Start importing Assets/Resources/Meshes/Chiki-brik/tinker.obj using Guid(a519e47e2bac0f74ca310fa00e4e116d) Importer(815301076,1909f56bfc062723c751e8b465ee728b)  -> (artifact id: '268420c906aa00c4b0dd8b50e61dd9a4') in 0.059529 seconds 
========================================================================
Received Import Request.
  Time since last request: 12.313119 seconds.
  path: Assets/Resources/textures/1611486476_10-p-fon-rainbow-11.jpg
  artifactKey: Guid(c0e12ef3c68f8724e8c8d0370edf9874) Importer(815301076,1909f56bfc062723c751e8b465ee728b)
Start importing Assets/Resources/textures/1611486476_10-p-fon-rainbow-11.jpg using Guid(c0e12ef3c68f8724e8c8d0370edf9874) Importer(815301076,1909f56bfc062723c751e8b465ee728b)  -> (artifact id: 'a56a7017285c4d3b63196cbb82ad4ee9') in 0.128007 seconds 
========================================================================
Received Import Request.
  Time since last request: 0.000020 seconds.
  path: Assets/Resources/textures/Tennis_Ball.png
  artifactKey: Guid(f4c11ec78af0ef9459cc0db0f8bdc25b) Importer(815301076,1909f56bfc062723c751e8b465ee728b)
Start importing Assets/Resources/textures/Tennis_Ball.png using Guid(f4c11ec78af0ef9459cc0db0f8bdc25b) Importer(815301076,1909f56bfc062723c751e8b465ee728b)  -> (artifact id: '2fabe5f0d4595be32a8645876390a59e') in 0.015601 seconds 
========================================================================
Received Import Request.
  Time since last request: 0.000023 seconds.
  path: Assets/Resources/textures/obj_itm_beachball_00_nrm.png
  artifactKey: Guid(ab72becc9e907804795b149bd768ef83) Importer(815301076,1909f56bfc062723c751e8b465ee728b)
Start importing Assets/Resources/textures/obj_itm_beachball_00_nrm.png using Guid(ab72becc9e907804795b149bd768ef83) Importer(815301076,1909f56bfc062723c751e8b465ee728b)  -> (artifact id: '7837b8cae1bf976aec0df4d8a31decc5') in 0.061798 seconds 
========================================================================
Received Import Request.
  Time since last request: 0.000014 seconds.
  path: Assets/Resources/textures/Cricket_Ball.png
  artifactKey: Guid(34bce2aae80f2364f885ca9a470c13eb) Importer(815301076,1909f56bfc062723c751e8b465ee728b)
Start importing Assets/Resources/textures/Cricket_Ball.png using Guid(34bce2aae80f2364f885ca9a470c13eb) Importer(815301076,1909f56bfc062723c751e8b465ee728b)  -> (artifact id: '8071cdeda51895a12d641675d1c30837') in 0.016373 seconds 
========================================================================
Received Import Request.
  Time since last request: 0.000017 seconds.
  path: Assets/Resources/textures/ItmCommonMBallB1.png
  artifactKey: Guid(12c361bf2ed8c6d4fb84c9088c5e98a2) Importer(815301076,1909f56bfc062723c751e8b465ee728b)
Start importing Assets/Resources/textures/ItmCommonMBallB1.png using Guid(12c361bf2ed8c6d4fb84c9088c5e98a2) Importer(815301076,1909f56bfc062723c751e8b465ee728b)  -> (artifact id: '94fdbbd23735161ff84a6aa897ad3cbf') in 0.013823 seconds 
========================================================================
Received Import Request.
  Time since last request: 0.000019 seconds.
  path: Assets/Resources/textures/ItmCommonMBallBD0.png
  artifactKey: Guid(680e955950ef15449a1c73101656cbd2) Importer(815301076,1909f56bfc062723c751e8b465ee728b)
Start importing Assets/Resources/textures/ItmCommonMBallBD0.png using Guid(680e955950ef15449a1c73101656cbd2) Importer(815301076,1909f56bfc062723c751e8b465ee728b)  -> (artifact id: '812250e99e7e13a6a706c9da59ecf50e') in 0.012930 seconds 
========================================================================
Received Import Request.
  Time since last request: 0.000021 seconds.
  path: Assets/Resources/textures/Pixar_Ball.png
  artifactKey: Guid(feaa707d1f84a4f44808d6ad9670a5e2) Importer(815301076,1909f56bfc062723c751e8b465ee728b)
Start importing Assets/Resources/textures/Pixar_Ball.png using Guid(feaa707d1f84a4f44808d6ad9670a5e2) Importer(815301076,1909f56bfc062723c751e8b465ee728b)  -> (artifact id: '5eb7c5f303e3c8f36d54a0e4fc9a5177') in 0.019765 seconds 
========================================================================
Received Import Request.
  Time since last request: 0.000019 seconds.
  path: Assets/Resources/textures/M_ball_Alb.png
  artifactKey: Guid(abf6685fc29d06e4d80a68a882863f70) Importer(815301076,1909f56bfc062723c751e8b465ee728b)
Start importing Assets/Resources/textures/M_ball_Alb.png using Guid(abf6685fc29d06e4d80a68a882863f70) Importer(815301076,1909f56bfc062723c751e8b465ee728b)  -> (artifact id: 'ed0e7859c9a49f8f1454a761f3245252') in 0.023932 seconds 
========================================================================
Received Import Request.
  Time since last request: 0.000021 seconds.
  path: Assets/Resources/textures/epping_forest_01_2k.hdr
  artifactKey: Guid(45911f2adb0c77b468a332a8df7dab2c) Importer(815301076,1909f56bfc062723c751e8b465ee728b)
Start importing Assets/Resources/textures/epping_forest_01_2k.hdr using Guid(45911f2adb0c77b468a332a8df7dab2c) Importer(815301076,1909f56bfc062723c751e8b465ee728b)  -> (artifact id: '2b615db63cccb0cecb2bf4d50b870be7') in 0.147802 seconds 
========================================================================
Received Import Request.
  Time since last request: 0.000024 seconds.
  path: Assets/Resources/textures/obj_itm_beachball_00_trs.png
  artifactKey: Guid(a88550dc417ec0a4995b833720f062bd) Importer(815301076,1909f56bfc062723c751e8b465ee728b)
Start importing Assets/Resources/textures/obj_itm_beachball_00_trs.png using Guid(a88550dc417ec0a4995b833720f062bd) Importer(815301076,1909f56bfc062723c751e8b465ee728b)  -> (artifact id: '274772a09850f7273b02739091906e66') in 0.032726 seconds 
========================================================================
Received Import Request.
  Time since last request: 5.491021 seconds.
  path: Assets/Resources/Skins/UFO 1.prefab
  artifactKey: Guid(a0e8212229a7ae04998183846bdf3afa) Importer(815301076,1909f56bfc062723c751e8b465ee728b)
Start importing Assets/Resources/Skins/UFO 1.prefab using Guid(a0e8212229a7ae04998183846bdf3afa) Importer(815301076,1909f56bfc062723c751e8b465ee728b)  -> (artifact id: '73cb7134b7d179df2860e249d7147150') in 0.017584 seconds 
========================================================================
Received Import Request.
  Time since last request: 219.249637 seconds.
  path: Assets/Resources/Skins/Chiki-brik.prefab
  artifactKey: Guid(a0e8212229a7ae04998183846bdf3afa) Importer(815301076,1909f56bfc062723c751e8b465ee728b)
Start importing Assets/Resources/Skins/Chiki-brik.prefab using Guid(a0e8212229a7ae04998183846bdf3afa) Importer(815301076,1909f56bfc062723c751e8b465ee728b)  -> (artifact id: '97ecb69b74622bd839aa12dc9cfa2ee9') in 0.017945 seconds 
========================================================================
Received Prepare
Registering precompiled user dll's ...
Registered in 0.003287 seconds.
Begin MonoManager ReloadAssembly
Native extension for WindowsStandalone target not found
Refreshing native plugins compatible for Editor in 0.51 ms, found 2 plugins.
Preloading 0 native plugins for Editor in 0.00 ms.
Mono: successfully reloaded assembly
- Completed reload, in  1.452 seconds
Domain Reload Profiling:
	ReloadAssembly (1453ms)
		BeginReloadAssembly (214ms)
			ExecutionOrderSort (0ms)
			DisableScriptedObjects (9ms)
			BackupInstance (0ms)
			ReleaseScriptingObjects (0ms)
			CreateAndSetChildDomain (94ms)
		EndReloadAssembly (1115ms)
			LoadAssemblies (92ms)
			RebuildTransferFunctionScriptingTraits (0ms)
			SetupTypeCache (256ms)
			ReleaseScriptCaches (2ms)
			RebuildScriptCaches (64ms)
			SetupLoadedEditorAssemblies (368ms)
				LogAssemblyErrors (0ms)
				InitializePlatformSupportModulesInManaged (15ms)
				SetLoadedEditorAssemblies (1ms)
				RefreshPlugins (1ms)
				BeforeProcessingInitializeOnLoad (64ms)
				ProcessInitializeOnLoadAttributes (243ms)
				ProcessInitializeOnLoadMethodAttributes (34ms)
				AfterProcessingInitializeOnLoad (10ms)
				EditorAssembliesLoaded (0ms)
			ExecutionOrderSort2 (0ms)
			AwakeInstancesAfterBackupRestoration (22ms)
Platform modules already initialized, skipping
Switching build target platform(19) subTarget(0) extendedPlatform(0) -> platform(13) subTarget(0) extendedPlatform(0)
Refreshing native plugins compatible for Editor in 0.47 ms, found 2 plugins.
Preloading 0 native plugins for Editor in 0.00 ms.
Unloading 1682 Unused Serialized files (Serialized files now loaded: 0)
Unloading 26 unused Assets / (1.3 MB). Loaded Objects now: 2383.
Memory consumption went from 98.3 MB to 97.0 MB.
Total: 6.081100 ms (FindLiveObjects: 0.327100 ms CreateObjectMapping: 0.201000 ms MarkObjects: 5.173000 ms  DeleteObjects: 0.378400 ms)

AssetImportParameters requested are different than current active one (requested -> active):
  custom:video-decoder-ogg-theora: a1e56fd34408186e4bbccfd4996cb3dc -> 
  custom:container-muxer-webm: aa71ff27fc2769a1b78a27578f13a17b -> 
  custom:container-demuxer-webm: 4f35f7cbe854078d1ac9338744f61a02 -> 
  custom:video-encoder-webm-vp8: eb34c28f22e8b96e1ab97ce403110664 -> 
  custom:graphics/normal-map-encoding: 02000000000000000000000000000000 -> 01000000000000000000000000000000
  custom:audio-encoder-webm-vorbis: bf7c407c2cedff20999df2af8eb42d56 -> 
  custom:framework-win-MediaFoundation: 216162199b28c13a410421893ffa2e32 -> 
  custom:container-demuxer-ogg: 62fdf1f143b41e24485cea50d1cbac27 -> 
  custom:video-decoder-webm-vp8: 9c59270c3fd7afecdb556c50c9e8de78 -> 
  custom:audio-decoder-ogg-vorbis: bf7c407c2cedff20999df2af8eb42d56 -> 
========================================================================
Received Prepare
Registering precompiled user dll's ...
Registered in 0.003346 seconds.
Begin MonoManager ReloadAssembly
Native extension for WindowsStandalone target not found
Refreshing native plugins compatible for Editor in 0.35 ms, found 2 plugins.
Preloading 0 native plugins for Editor in 0.00 ms.
Mono: successfully reloaded assembly
- Completed reload, in  1.070 seconds
Domain Reload Profiling:
	ReloadAssembly (1071ms)
		BeginReloadAssembly (125ms)
			ExecutionOrderSort (0ms)
			DisableScriptedObjects (7ms)
			BackupInstance (0ms)
			ReleaseScriptingObjects (0ms)
			CreateAndSetChildDomain (32ms)
		EndReloadAssembly (837ms)
			LoadAssemblies (76ms)
			RebuildTransferFunctionScriptingTraits (0ms)
			SetupTypeCache (206ms)
			ReleaseScriptCaches (1ms)
			RebuildScriptCaches (47ms)
			SetupLoadedEditorAssemblies (333ms)
				LogAssemblyErrors (0ms)
				InitializePlatformSupportModulesInManaged (11ms)
				SetLoadedEditorAssemblies (0ms)
				RefreshPlugins (0ms)
				BeforeProcessingInitializeOnLoad (53ms)
				ProcessInitializeOnLoadAttributes (229ms)
				ProcessInitializeOnLoadMethodAttributes (29ms)
				AfterProcessingInitializeOnLoad (9ms)
				EditorAssembliesLoaded (0ms)
			ExecutionOrderSort2 (0ms)
			AwakeInstancesAfterBackupRestoration (13ms)
Platform modules already initialized, skipping
Switching build target platform(19) subTarget(0) extendedPlatform(0) -> platform(13) subTarget(0) extendedPlatform(0)
Refreshing native plugins compatible for Editor in 0.67 ms, found 2 plugins.
Preloading 0 native plugins for Editor in 0.00 ms.
Unloading 1672 Unused Serialized files (Serialized files now loaded: 0)
Unloading 26 unused Assets / (1.3 MB). Loaded Objects now: 2385.
Memory consumption went from 97.9 MB to 96.6 MB.
Total: 3.621900 ms (FindLiveObjects: 0.205800 ms CreateObjectMapping: 0.188400 ms MarkObjects: 2.932800 ms  DeleteObjects: 0.293800 ms)

AssetImportParameters requested are different than current active one (requested -> active):
  custom:video-decoder-ogg-theora: a1e56fd34408186e4bbccfd4996cb3dc -> 
  custom:container-muxer-webm: aa71ff27fc2769a1b78a27578f13a17b -> 
  custom:container-demuxer-webm: 4f35f7cbe854078d1ac9338744f61a02 -> 
  custom:video-encoder-webm-vp8: eb34c28f22e8b96e1ab97ce403110664 -> 
  custom:graphics/normal-map-encoding: 02000000000000000000000000000000 -> 01000000000000000000000000000000
  custom:audio-encoder-webm-vorbis: bf7c407c2cedff20999df2af8eb42d56 -> 
  custom:framework-win-MediaFoundation: 216162199b28c13a410421893ffa2e32 -> 
  custom:container-demuxer-ogg: 62fdf1f143b41e24485cea50d1cbac27 -> 
  custom:video-decoder-webm-vp8: 9c59270c3fd7afecdb556c50c9e8de78 -> 
  custom:audio-decoder-ogg-vorbis: bf7c407c2cedff20999df2af8eb42d56 -> 
========================================================================
Received Import Request.
  Time since last request: 995.013135 seconds.
  path: Assets/Resources/Meshes/Dog
  artifactKey: Guid(a534bc3f10edc4d43833ad1efbc84e13) Importer(815301076,1909f56bfc062723c751e8b465ee728b)
Start importing Assets/Resources/Meshes/Dog using Guid(a534bc3f10edc4d43833ad1efbc84e13) Importer(815301076,1909f56bfc062723c751e8b465ee728b)  -> (artifact id: '6eff993481ee3ad8db8e4a3e687fd48d') in 0.012737 seconds 
========================================================================
Received Import Request.
  Time since last request: 5.648747 seconds.
  path: Assets/Resources/Meshes/Dog/tinker (1).obj
  artifactKey: Guid(3f0d07e6c0470b74ab052e55619566a0) Importer(815301076,1909f56bfc062723c751e8b465ee728b)
Start importing Assets/Resources/Meshes/Dog/tinker (1).obj using Guid(3f0d07e6c0470b74ab052e55619566a0) Importer(815301076,1909f56bfc062723c751e8b465ee728b)  -> (artifact id: '6ca8b3ac8bc2f01c78d651a224870c8a') in 0.192756 seconds 
========================================================================
Received Import Request.
  Time since last request: 15.628559 seconds.
  path: Assets/Resources/Skins/UFO 1.prefab
  artifactKey: Guid(6080101131906154dbd01b132184ef33) Importer(815301076,1909f56bfc062723c751e8b465ee728b)
Start importing Assets/Resources/Skins/UFO 1.prefab using Guid(6080101131906154dbd01b132184ef33) Importer(815301076,1909f56bfc062723c751e8b465ee728b)  -> (artifact id: 'd9bd4e7f4b56ac44738a901027d2a4a7') in 0.062116 seconds 
========================================================================
Received Import Request.
  Time since last request: 363.388497 seconds.
  path: Assets/Resources/Skins/Dog.prefab
  artifactKey: Guid(6080101131906154dbd01b132184ef33) Importer(815301076,1909f56bfc062723c751e8b465ee728b)
Start importing Assets/Resources/Skins/Dog.prefab using Guid(6080101131906154dbd01b132184ef33) Importer(815301076,1909f56bfc062723c751e8b465ee728b)  -> (artifact id: '3ea41d6947952a13d791aa0f2fe19e86') in 0.025990 seconds 
========================================================================
Received Prepare
Registering precompiled user dll's ...
Registered in 0.004106 seconds.
Begin MonoManager ReloadAssembly
Native extension for WindowsStandalone target not found
Refreshing native plugins compatible for Editor in 0.92 ms, found 2 plugins.
Preloading 0 native plugins for Editor in 0.00 ms.
Mono: successfully reloaded assembly
- Completed reload, in  1.246 seconds
Domain Reload Profiling:
	ReloadAssembly (1247ms)
		BeginReloadAssembly (164ms)
			ExecutionOrderSort (0ms)
			DisableScriptedObjects (8ms)
			BackupInstance (0ms)
			ReleaseScriptingObjects (0ms)
			CreateAndSetChildDomain (42ms)
		EndReloadAssembly (963ms)
			LoadAssemblies (98ms)
			RebuildTransferFunctionScriptingTraits (0ms)
			SetupTypeCache (225ms)
			ReleaseScriptCaches (2ms)
			RebuildScriptCaches (62ms)
			SetupLoadedEditorAssemblies (350ms)
				LogAssemblyErrors (0ms)
				InitializePlatformSupportModulesInManaged (14ms)
				SetLoadedEditorAssemblies (0ms)
				RefreshPlugins (1ms)
				BeforeProcessingInitializeOnLoad (67ms)
				ProcessInitializeOnLoadAttributes (230ms)
				ProcessInitializeOnLoadMethodAttributes (29ms)
				AfterProcessingInitializeOnLoad (9ms)
				EditorAssembliesLoaded (0ms)
			ExecutionOrderSort2 (0ms)
			AwakeInstancesAfterBackupRestoration (15ms)
Platform modules already initialized, skipping
Switching build target platform(19) subTarget(0) extendedPlatform(0) -> platform(13) subTarget(0) extendedPlatform(0)
Refreshing native plugins compatible for Editor in 0.55 ms, found 2 plugins.
Preloading 0 native plugins for Editor in 0.00 ms.
Unloading 1672 Unused Serialized files (Serialized files now loaded: 0)
Unloading 26 unused Assets / (1.3 MB). Loaded Objects now: 2387.
Memory consumption went from 98.5 MB to 97.2 MB.
Total: 4.064500 ms (FindLiveObjects: 0.250100 ms CreateObjectMapping: 0.121300 ms MarkObjects: 3.295500 ms  DeleteObjects: 0.395800 ms)

AssetImportParameters requested are different than current active one (requested -> active):
  custom:video-decoder-ogg-theora: a1e56fd34408186e4bbccfd4996cb3dc -> 
  custom:container-muxer-webm: aa71ff27fc2769a1b78a27578f13a17b -> 
  custom:container-demuxer-webm: 4f35f7cbe854078d1ac9338744f61a02 -> 
  custom:video-encoder-webm-vp8: eb34c28f22e8b96e1ab97ce403110664 -> 
  custom:graphics/normal-map-encoding: 02000000000000000000000000000000 -> 01000000000000000000000000000000
  custom:audio-encoder-webm-vorbis: bf7c407c2cedff20999df2af8eb42d56 -> 
  custom:framework-win-MediaFoundation: 216162199b28c13a410421893ffa2e32 -> 
  custom:container-demuxer-ogg: 62fdf1f143b41e24485cea50d1cbac27 -> 
  custom:video-decoder-webm-vp8: 9c59270c3fd7afecdb556c50c9e8de78 -> 
  custom:audio-decoder-ogg-vorbis: bf7c407c2cedff20999df2af8eb42d56 -> 
========================================================================
Received Import Request.
  Time since last request: 296.235226 seconds.
  path: Assets/Resources/Meshes/Torphere
  artifactKey: Guid(9fff416da8f9488408e5832c84131ba6) Importer(815301076,1909f56bfc062723c751e8b465ee728b)
Start importing Assets/Resources/Meshes/Torphere using Guid(9fff416da8f9488408e5832c84131ba6) Importer(815301076,1909f56bfc062723c751e8b465ee728b)  -> (artifact id: '0df5e10c5a4952148244b9b1b8ea5ac7') in 0.008966 seconds 
========================================================================
Received Import Request.
  Time since last request: 5.039555 seconds.
  path: Assets/Resources/Meshes/Torphere/tinker.obj
  artifactKey: Guid(4fed8a9ee91ab8341b5aea455ce4bb35) Importer(815301076,1909f56bfc062723c751e8b465ee728b)
Start importing Assets/Resources/Meshes/Torphere/tinker.obj using Guid(4fed8a9ee91ab8341b5aea455ce4bb35) Importer(815301076,1909f56bfc062723c751e8b465ee728b)  -> (artifact id: '8b5730f059ab58bee2732403ab42e9a4') in 0.100011 seconds 
========================================================================
Received Import Request.
  Time since last request: 9.816585 seconds.
  path: Assets/Resources/Skins/Soccer_Ball 1.prefab
  artifactKey: Guid(aea5a3a4b554a8a4b8e205feb75df5c8) Importer(815301076,1909f56bfc062723c751e8b465ee728b)
Start importing Assets/Resources/Skins/Soccer_Ball 1.prefab using Guid(aea5a3a4b554a8a4b8e205feb75df5c8) Importer(815301076,1909f56bfc062723c751e8b465ee728b)  -> (artifact id: '0890fc5670bb8b35ca171a2d326346c4') in 0.110252 seconds 
========================================================================
Received Import Request.
  Time since last request: 139.588131 seconds.
  path: Assets/Resources/Skins/Torphere.prefab
  artifactKey: Guid(aea5a3a4b554a8a4b8e205feb75df5c8) Importer(815301076,1909f56bfc062723c751e8b465ee728b)
Start importing Assets/Resources/Skins/Torphere.prefab using Guid(aea5a3a4b554a8a4b8e205feb75df5c8) Importer(815301076,1909f56bfc062723c751e8b465ee728b)  -> (artifact id: '08b54616afb04e2bf99adee0b9fc385e') in 0.011615 seconds 
========================================================================
Received Prepare
Registering precompiled user dll's ...
Registered in 0.003810 seconds.
Begin MonoManager ReloadAssembly
Native extension for WindowsStandalone target not found
Refreshing native plugins compatible for Editor in 0.51 ms, found 2 plugins.
Preloading 0 native plugins for Editor in 0.00 ms.
Mono: successfully reloaded assembly
- Completed reload, in  1.085 seconds
Domain Reload Profiling:
	ReloadAssembly (1086ms)
		BeginReloadAssembly (120ms)
			ExecutionOrderSort (0ms)
			DisableScriptedObjects (5ms)
			BackupInstance (0ms)
			ReleaseScriptingObjects (0ms)
			CreateAndSetChildDomain (31ms)
		EndReloadAssembly (862ms)
			LoadAssemblies (71ms)
			RebuildTransferFunctionScriptingTraits (0ms)
			SetupTypeCache (194ms)
			ReleaseScriptCaches (1ms)
			RebuildScriptCaches (54ms)
			SetupLoadedEditorAssemblies (336ms)
				LogAssemblyErrors (0ms)
				InitializePlatformSupportModulesInManaged (13ms)
				SetLoadedEditorAssemblies (1ms)
				RefreshPlugins (1ms)
				BeforeProcessingInitializeOnLoad (59ms)
				ProcessInitializeOnLoadAttributes (223ms)
				ProcessInitializeOnLoadMethodAttributes (31ms)
				AfterProcessingInitializeOnLoad (9ms)
				EditorAssembliesLoaded (0ms)
			ExecutionOrderSort2 (0ms)
			AwakeInstancesAfterBackupRestoration (15ms)
Platform modules already initialized, skipping
Switching build target platform(19) subTarget(0) extendedPlatform(0) -> platform(13) subTarget(0) extendedPlatform(0)
Refreshing native plugins compatible for Editor in 0.68 ms, found 2 plugins.
Preloading 0 native plugins for Editor in 0.00 ms.
Unloading 1672 Unused Serialized files (Serialized files now loaded: 0)
Unloading 26 unused Assets / (1.3 MB). Loaded Objects now: 2389.
Memory consumption went from 98.5 MB to 97.2 MB.
Total: 3.413700 ms (FindLiveObjects: 0.223300 ms CreateObjectMapping: 0.169200 ms MarkObjects: 2.711100 ms  DeleteObjects: 0.308600 ms)

AssetImportParameters requested are different than current active one (requested -> active):
  custom:video-decoder-ogg-theora: a1e56fd34408186e4bbccfd4996cb3dc -> 
  custom:container-muxer-webm: aa71ff27fc2769a1b78a27578f13a17b -> 
  custom:container-demuxer-webm: 4f35f7cbe854078d1ac9338744f61a02 -> 
  custom:video-encoder-webm-vp8: eb34c28f22e8b96e1ab97ce403110664 -> 
  custom:graphics/normal-map-encoding: 02000000000000000000000000000000 -> 01000000000000000000000000000000
  custom:audio-encoder-webm-vorbis: bf7c407c2cedff20999df2af8eb42d56 -> 
  custom:framework-win-MediaFoundation: 216162199b28c13a410421893ffa2e32 -> 
  custom:container-demuxer-ogg: 62fdf1f143b41e24485cea50d1cbac27 -> 
  custom:video-decoder-webm-vp8: 9c59270c3fd7afecdb556c50c9e8de78 -> 
  custom:audio-decoder-ogg-vorbis: bf7c407c2cedff20999df2af8eb42d56 -> 
========================================================================
Received Import Request.
  Time since last request: 154.644102 seconds.
  path: Assets/Sprites/Icon.png
  artifactKey: Guid(ecf02c375e043ae48adbe8e3b790a003) Importer(815301076,1909f56bfc062723c751e8b465ee728b)
Start importing Assets/Sprites/Icon.png using Guid(ecf02c375e043ae48adbe8e3b790a003) Importer(815301076,1909f56bfc062723c751e8b465ee728b)  -> (artifact id: 'eb555abe1ede0ba81d99c43aed432f98') in 0.094970 seconds 
========================================================================
Received Prepare
Refreshing native plugins compatible for Editor in 4.20 ms, found 2 plugins.
Preloading 0 native plugins for Editor in 0.00 ms.
Unloading 25 Unused Serialized files (Serialized files now loaded: 0)
Unloading 24 unused Assets / (1.3 MB). Loaded Objects now: 2393.
Memory consumption went from 65.5 MB to 64.2 MB.
Total: 3.432300 ms (FindLiveObjects: 0.250800 ms CreateObjectMapping: 0.156500 ms MarkObjects: 2.797400 ms  DeleteObjects: 0.225800 ms)

AssetImportParameters requested are different than current active one (requested -> active):
  custom:video-decoder-ogg-theora: a1e56fd34408186e4bbccfd4996cb3dc -> 
  custom:container-muxer-webm: aa71ff27fc2769a1b78a27578f13a17b -> 
  custom:container-demuxer-webm: 4f35f7cbe854078d1ac9338744f61a02 -> 
  custom:video-encoder-webm-vp8: eb34c28f22e8b96e1ab97ce403110664 -> 
  custom:audio-encoder-webm-vorbis: bf7c407c2cedff20999df2af8eb42d56 -> 
  custom:framework-win-MediaFoundation: 216162199b28c13a410421893ffa2e32 -> 
  custom:container-demuxer-ogg: 62fdf1f143b41e24485cea50d1cbac27 -> 
  custom:video-decoder-webm-vp8: 9c59270c3fd7afecdb556c50c9e8de78 -> 
  custom:audio-decoder-ogg-vorbis: bf7c407c2cedff20999df2af8eb42d56 -> 
